This file contains any messages produced by compilers while
running configure, to aid debugging if configure makes a mistake.

It was created by configure, which was
generated by GNU Autoconf 2.68.  Invocation command line was

  $ ./configure --disable-shared --enable-static --prefix=/home/ubuntu/pmilter/build

## --------- ##
## Platform. ##
## --------- ##

hostname = ubuntu-xenial
uname -m = x86_64
uname -r = 4.4.0-45-generic
uname -s = Linux
uname -v = #66-Ubuntu SMP Wed Oct 19 14:12:37 UTC 2016

/usr/bin/uname -p = unknown
/bin/uname -X     = unknown

/bin/arch              = unknown
/usr/bin/arch -k       = unknown
/usr/convex/getsysinfo = unknown
/usr/bin/hostinfo      = unknown
/bin/machine           = unknown
/usr/bin/oslevel       = unknown
/bin/universe          = unknown

PATH: /home/ubuntu/bin
PATH: /home/ubuntu/.local/bin
PATH: /usr/local/sbin
PATH: /usr/local/bin
PATH: /usr/sbin
PATH: /usr/bin
PATH: /sbin
PATH: /bin
PATH: /usr/games
PATH: /usr/local/games
PATH: /snap/bin


## ----------- ##
## Core tests. ##
## ----------- ##

configure:2554: checking for ICU version numbers
configure:2587: result: release 50.1, library 50.1, unicode version 6.2
configure:2626: checking build system type
configure:2640: result: x86_64-unknown-linux-gnu
configure:2660: checking host system type
configure:2673: result: x86_64-unknown-linux-gnu
configure:2705: checking whether to build debug libraries
configure:2717: result: no
configure:2722: checking whether to build release libraries
configure:2734: result: yes
configure:2797: checking for clang
configure:2827: result: no
configure:2797: checking for gcc
configure:2813: found /usr/bin/gcc
configure:2824: result: gcc
configure:2855: checking for C compiler version
configure:2864: gcc --version >&5
gcc (Ubuntu 5.4.0-6ubuntu1~16.04.2) 5.4.0 20160609
Copyright (C) 2015 Free Software Foundation, Inc.
This is free software; see the source for copying conditions.  There is NO
warranty; not even for MERCHANTABILITY or FITNESS FOR A PARTICULAR PURPOSE.

configure:2875: $? = 0
configure:2864: gcc -v >&5
Using built-in specs.
COLLECT_GCC=gcc
COLLECT_LTO_WRAPPER=/usr/lib/gcc/x86_64-linux-gnu/5/lto-wrapper
Target: x86_64-linux-gnu
Configured with: ../src/configure -v --with-pkgversion='Ubuntu 5.4.0-6ubuntu1~16.04.2' --with-bugurl=file:///usr/share/doc/gcc-5/README.Bugs --enable-languages=c,ada,c++,java,go,d,fortran,objc,obj-c++ --prefix=/usr --program-suffix=-5 --enable-shared --enable-linker-build-id --libexecdir=/usr/lib --without-included-gettext --enable-threads=posix --libdir=/usr/lib --enable-nls --with-sysroot=/ --enable-clocale=gnu --enable-libstdcxx-debug --enable-libstdcxx-time=yes --with-default-libstdcxx-abi=new --enable-gnu-unique-object --disable-vtable-verify --enable-libmpx --enable-plugin --with-system-zlib --disable-browser-plugin --enable-java-awt=gtk --enable-gtk-cairo --with-java-home=/usr/lib/jvm/java-1.5.0-gcj-5-amd64/jre --enable-java-home --with-jvm-root-dir=/usr/lib/jvm/java-1.5.0-gcj-5-amd64 --with-jvm-jar-dir=/usr/lib/jvm-exports/java-1.5.0-gcj-5-amd64 --with-arch-directory=amd64 --with-ecj-jar=/usr/share/java/eclipse-ecj.jar --enable-objc-gc --enable-multiarch --disable-werror --with-arch-32=i686 --with-abi=m64 --with-multilib-list=m32,m64,mx32 --enable-multilib --with-tune=generic --enable-checking=release --build=x86_64-linux-gnu --host=x86_64-linux-gnu --target=x86_64-linux-gnu
Thread model: posix
gcc version 5.4.0 20160609 (Ubuntu 5.4.0-6ubuntu1~16.04.2) 
configure:2875: $? = 0
configure:2864: gcc -V >&5
gcc: error: unrecognized command line option '-V'
gcc: fatal error: no input files
compilation terminated.
configure:2875: $? = 1
configure:2864: gcc -qversion >&5
gcc: error: unrecognized command line option '-qversion'
gcc: fatal error: no input files
compilation terminated.
configure:2875: $? = 1
configure:2895: checking whether the C compiler works
configure:2917: gcc    conftest.c  >&5
configure:2921: $? = 0
configure:2969: result: yes
configure:2972: checking for C compiler default output file name
configure:2974: result: a.out
configure:2980: checking for suffix of executables
configure:2987: gcc -o conftest    conftest.c  >&5
configure:2991: $? = 0
configure:3013: result: 
configure:3035: checking whether we are cross compiling
configure:3043: gcc -o conftest    conftest.c  >&5
configure:3047: $? = 0
configure:3054: ./conftest
configure:3058: $? = 0
configure:3073: result: no
configure:3078: checking for suffix of object files
configure:3100: gcc -c   conftest.c >&5
configure:3104: $? = 0
configure:3125: result: o
configure:3129: checking whether we are using the GNU C compiler
configure:3148: gcc -c   conftest.c >&5
configure:3148: $? = 0
configure:3157: result: yes
configure:3166: checking whether gcc accepts -g
configure:3186: gcc -c -g  conftest.c >&5
configure:3186: $? = 0
configure:3227: result: yes
configure:3244: checking for gcc option to accept ISO C89
configure:3308: gcc  -c   conftest.c >&5
configure:3308: $? = 0
configure:3321: result: none needed
configure:3401: checking for clang++
configure:3431: result: no
configure:3401: checking for g++
configure:3417: found /usr/bin/g++
configure:3428: result: g++
configure:3455: checking for C++ compiler version
configure:3464: g++ --version >&5
g++ (Ubuntu 5.4.0-6ubuntu1~16.04.2) 5.4.0 20160609
Copyright (C) 2015 Free Software Foundation, Inc.
This is free software; see the source for copying conditions.  There is NO
warranty; not even for MERCHANTABILITY or FITNESS FOR A PARTICULAR PURPOSE.

configure:3475: $? = 0
configure:3464: g++ -v >&5
Using built-in specs.
COLLECT_GCC=g++
COLLECT_LTO_WRAPPER=/usr/lib/gcc/x86_64-linux-gnu/5/lto-wrapper
Target: x86_64-linux-gnu
Configured with: ../src/configure -v --with-pkgversion='Ubuntu 5.4.0-6ubuntu1~16.04.2' --with-bugurl=file:///usr/share/doc/gcc-5/README.Bugs --enable-languages=c,ada,c++,java,go,d,fortran,objc,obj-c++ --prefix=/usr --program-suffix=-5 --enable-shared --enable-linker-build-id --libexecdir=/usr/lib --without-included-gettext --enable-threads=posix --libdir=/usr/lib --enable-nls --with-sysroot=/ --enable-clocale=gnu --enable-libstdcxx-debug --enable-libstdcxx-time=yes --with-default-libstdcxx-abi=new --enable-gnu-unique-object --disable-vtable-verify --enable-libmpx --enable-plugin --with-system-zlib --disable-browser-plugin --enable-java-awt=gtk --enable-gtk-cairo --with-java-home=/usr/lib/jvm/java-1.5.0-gcj-5-amd64/jre --enable-java-home --with-jvm-root-dir=/usr/lib/jvm/java-1.5.0-gcj-5-amd64 --with-jvm-jar-dir=/usr/lib/jvm-exports/java-1.5.0-gcj-5-amd64 --with-arch-directory=amd64 --with-ecj-jar=/usr/share/java/eclipse-ecj.jar --enable-objc-gc --enable-multiarch --disable-werror --with-arch-32=i686 --with-abi=m64 --with-multilib-list=m32,m64,mx32 --enable-multilib --with-tune=generic --enable-checking=release --build=x86_64-linux-gnu --host=x86_64-linux-gnu --target=x86_64-linux-gnu
Thread model: posix
gcc version 5.4.0 20160609 (Ubuntu 5.4.0-6ubuntu1~16.04.2) 
configure:3475: $? = 0
configure:3464: g++ -V >&5
g++: error: unrecognized command line option '-V'
g++: fatal error: no input files
compilation terminated.
configure:3475: $? = 1
configure:3464: g++ -qversion >&5
g++: error: unrecognized command line option '-qversion'
g++: fatal error: no input files
compilation terminated.
configure:3475: $? = 1
configure:3479: checking whether we are using the GNU C++ compiler
configure:3498: g++ -c   conftest.cpp >&5
configure:3498: $? = 0
configure:3507: result: yes
configure:3516: checking whether g++ accepts -g
configure:3536: g++ -c -g  conftest.cpp >&5
configure:3536: $? = 0
configure:3577: result: yes
configure:3627: checking how to run the C preprocessor
configure:3658: gcc -E  conftest.c
configure:3658: $? = 0
configure:3672: gcc -E  conftest.c
conftest.c:9:28: fatal error: ac_nonexistent.h: No such file or directory
compilation terminated.
configure:3672: $? = 1
configure: failed program was:
| /* confdefs.h */
| #define PACKAGE_NAME ""
| #define PACKAGE_TARNAME ""
| #define PACKAGE_VERSION ""
| #define PACKAGE_STRING ""
| #define PACKAGE_BUGREPORT ""
| #define PACKAGE_URL ""
| /* end confdefs.h.  */
| #include <ac_nonexistent.h>
configure:3697: result: gcc -E
configure:3717: gcc -E  conftest.c
configure:3717: $? = 0
configure:3731: gcc -E  conftest.c
conftest.c:9:28: fatal error: ac_nonexistent.h: No such file or directory
compilation terminated.
configure:3731: $? = 1
configure: failed program was:
| /* confdefs.h */
| #define PACKAGE_NAME ""
| #define PACKAGE_TARNAME ""
| #define PACKAGE_VERSION ""
| #define PACKAGE_STRING ""
| #define PACKAGE_BUGREPORT ""
| #define PACKAGE_URL ""
| /* end confdefs.h.  */
| #include <ac_nonexistent.h>
configure:3774: checking for a BSD-compatible install
configure:3842: result: /usr/bin/install -c
configure:3874: g++ -o conftest  -O2   conftest.cpp  >&5
configure:3874: $? = 0
configure:3902: checking for gmake
configure:3935: result: no
configure:3902: checking for gnumake
configure:3935: result: no
configure:3977: checking for doxygen
configure:4011: result: no
configure:4031: checking checking for executable suffix
configure:4038: result: 
configure:4044: checking whether strict compiling is on
configure:4060: result: yes
configure:4097: checking for grep that handles long lines and -e
configure:4155: result: /bin/grep
configure:4160: checking for egrep
configure:4222: result: /bin/grep -E
configure:4227: checking for ANSI C header files
configure:4247: gcc -c  -O2 -Wall -std=c99 -pedantic -Wshadow -Wpointer-arith -Wmissing-prototypes -Wwrite-strings  conftest.c >&5
configure:4247: $? = 0
configure:4320: gcc -o conftest  -O2 -Wall -std=c99 -pedantic -Wshadow -Wpointer-arith -Wmissing-prototypes -Wwrite-strings   conftest.c  >&5
configure:4320: $? = 0
configure:4320: ./conftest
configure:4320: $? = 0
configure:4331: result: yes
configure:4344: checking for sys/types.h
configure:4344: gcc -c  -O2 -Wall -std=c99 -pedantic -Wshadow -Wpointer-arith -Wmissing-prototypes -Wwrite-strings  conftest.c >&5
configure:4344: $? = 0
configure:4344: result: yes
configure:4344: checking for sys/stat.h
configure:4344: gcc -c  -O2 -Wall -std=c99 -pedantic -Wshadow -Wpointer-arith -Wmissing-prototypes -Wwrite-strings  conftest.c >&5
configure:4344: $? = 0
configure:4344: result: yes
configure:4344: checking for stdlib.h
configure:4344: gcc -c  -O2 -Wall -std=c99 -pedantic -Wshadow -Wpointer-arith -Wmissing-prototypes -Wwrite-strings  conftest.c >&5
configure:4344: $? = 0
configure:4344: result: yes
configure:4344: checking for string.h
configure:4344: gcc -c  -O2 -Wall -std=c99 -pedantic -Wshadow -Wpointer-arith -Wmissing-prototypes -Wwrite-strings  conftest.c >&5
configure:4344: $? = 0
configure:4344: result: yes
configure:4344: checking for memory.h
configure:4344: gcc -c  -O2 -Wall -std=c99 -pedantic -Wshadow -Wpointer-arith -Wmissing-prototypes -Wwrite-strings  conftest.c >&5
configure:4344: $? = 0
configure:4344: result: yes
configure:4344: checking for strings.h
configure:4344: gcc -c  -O2 -Wall -std=c99 -pedantic -Wshadow -Wpointer-arith -Wmissing-prototypes -Wwrite-strings  conftest.c >&5
configure:4344: $? = 0
configure:4344: result: yes
configure:4344: checking for inttypes.h
configure:4344: gcc -c  -O2 -Wall -std=c99 -pedantic -Wshadow -Wpointer-arith -Wmissing-prototypes -Wwrite-strings  conftest.c >&5
configure:4344: $? = 0
configure:4344: result: yes
configure:4344: checking for stdint.h
configure:4344: gcc -c  -O2 -Wall -std=c99 -pedantic -Wshadow -Wpointer-arith -Wmissing-prototypes -Wwrite-strings  conftest.c >&5
configure:4344: $? = 0
configure:4344: result: yes
configure:4344: checking for unistd.h
configure:4344: gcc -c  -O2 -Wall -std=c99 -pedantic -Wshadow -Wpointer-arith -Wmissing-prototypes -Wwrite-strings  conftest.c >&5
configure:4344: $? = 0
configure:4344: result: yes
configure:4393: checking size of void *
configure:4398: gcc -o conftest  -O2 -Wall -std=c99 -pedantic -Wshadow -Wpointer-arith -Wmissing-prototypes -Wwrite-strings   conftest.c  >&5
configure:4398: $? = 0
configure:4398: ./conftest
configure:4398: $? = 0
configure:4412: result: 8
configure:4422: checking whether runnable 64 bit binaries are built by default
configure:4479: result: yes
configure:4823: checking which Makefile fragment to use for x86_64-unknown-linux-gnu
configure:4904: result: mh-linux
configure:4953: checking for floor in -lm
configure:4978: gcc -o conftest  -O2 -Wall -std=c99 -pedantic -Wshadow -Wpointer-arith -Wmissing-prototypes -Wwrite-strings   conftest.c -lm   >&5
conftest.c:27:6: warning: conflicting types for built-in function 'floor'
 char floor ();
      ^
configure:4978: $? = 0
configure:4987: result: yes
configure:5003: checking whether to build shared libraries
configure:5018: result: no
configure:5023: checking whether to build static libraries
configure:5035: result: yes
configure:5043: checking whether we can use static library optimization option
configure:5072: gcc -o conftest  -O2 -Wall -std=c99 -pedantic -Wshadow -Wpointer-arith -Wmissing-prototypes -Wwrite-strings  -ffunction-sections -fdata-sections  -Wl,--gc-sections conftest.c -lm  >&5
configure:5072: $? = 0
configure:5079: result: yes
configure:5091: checking whether to enable auto cleanup of libraries
configure:5106: result: no
configure:5145: checking whether to enable draft APIs
configure:5159: result: yes
configure:5210: checking for ranlib
configure:5226: found /usr/bin/ranlib
configure:5237: result: ranlib
configure:5304: checking for ar
configure:5320: found /usr/bin/ar
configure:5331: result: ar
configure:5354: checking whether to enable renaming of symbols
configure:5369: result: yes
configure:5373: checking whether to enable function and data tracing
configure:5388: result: no
configure:5395: checking whether to enable dynamic loading of plugins
configure:5413: result: yes
configure:5420: checking dlfcn.h usability
configure:5420: gcc -c  -O2 -Wall -std=c99 -pedantic -Wshadow -Wpointer-arith -Wmissing-prototypes -Wwrite-strings  -ffunction-sections -fdata-sections conftest.c >&5
configure:5420: $? = 0
configure:5420: result: yes
configure:5420: checking dlfcn.h presence
configure:5420: gcc -E  -ffunction-sections -fdata-sections conftest.c
configure:5420: $? = 0
configure:5420: result: yes
configure:5420: checking for dlfcn.h
configure:5420: result: yes
configure:5431: checking for library containing dlopen
configure:5462: gcc -o conftest  -O2 -Wall -std=c99 -pedantic -Wshadow -Wpointer-arith -Wmissing-prototypes -Wwrite-strings  -ffunction-sections -fdata-sections  -Wl,--gc-sections conftest.c -lm  >&5
/tmp/ccr63O8I.o: In function `main':
conftest.c:(.text.startup.main+0x7): undefined reference to `dlopen'
collect2: error: ld returned 1 exit status
configure:5462: $? = 1
configure: failed program was:
| /* confdefs.h */
| #define PACKAGE_NAME ""
| #define PACKAGE_TARNAME ""
| #define PACKAGE_VERSION ""
| #define PACKAGE_STRING ""
| #define PACKAGE_BUGREPORT ""
| #define PACKAGE_URL ""
| #define STDC_HEADERS 1
| #define HAVE_SYS_TYPES_H 1
| #define HAVE_SYS_STAT_H 1
| #define HAVE_STDLIB_H 1
| #define HAVE_STRING_H 1
| #define HAVE_MEMORY_H 1
| #define HAVE_STRINGS_H 1
| #define HAVE_INTTYPES_H 1
| #define HAVE_STDINT_H 1
| #define HAVE_UNISTD_H 1
| #define SIZEOF_VOID_P 8
| #define HAVE_LIBM 1
| #define HAVE_DLFCN_H 1
| /* end confdefs.h.  */
| 
| /* Override any GCC internal prototype to avoid an error.
|    Use char because int might match the return type of a GCC
|    builtin and then its argument prototype would still apply.  */
| #ifdef __cplusplus
| extern "C"
| #endif
| char dlopen ();
| int
| main ()
| {
| return dlopen ();
|   ;
|   return 0;
| }
configure:5462: gcc -o conftest  -O2 -Wall -std=c99 -pedantic -Wshadow -Wpointer-arith -Wmissing-prototypes -Wwrite-strings  -ffunction-sections -fdata-sections  -Wl,--gc-sections conftest.c -ldl  -lm  >&5
configure:5462: $? = 0
configure:5479: result: -ldl
configure:5489: checking for dlopen
configure:5489: gcc -o conftest  -O2 -Wall -std=c99 -pedantic -Wshadow -Wpointer-arith -Wmissing-prototypes -Wwrite-strings  -ffunction-sections -fdata-sections  -Wl,--gc-sections conftest.c -ldl -lm  >&5
configure:5489: $? = 0
configure:5489: result: yes
configure:5509: checking for gettimeofday
configure:5509: gcc -o conftest  -O2 -Wall -std=c99 -pedantic -Wshadow -Wpointer-arith -Wmissing-prototypes -Wwrite-strings  -ffunction-sections -fdata-sections  -Wl,--gc-sections conftest.c -ldl -lm  >&5
configure:5509: $? = 0
configure:5509: result: yes
configure:5543: checking if we have a C++ compiler
configure:5556: g++ -c  -O2 -W -Wall -pedantic -Wpointer-arith -Wwrite-strings -Wno-long-long  -ffunction-sections -fdata-sections conftest.cpp >&5
configure:5556: $? = 0
configure:5564: result: Good
configure:5572: checking if #include <string> works
configure:5585: g++ -c  -O2 -W -Wall -pedantic -Wpointer-arith -Wwrite-strings -Wno-long-long  -ffunction-sections -fdata-sections conftest.cpp >&5
configure:5585: $? = 0
configure:5591: result: yes
configure:5620: checking for pthread_attr_init in -lpthread
configure:5645: gcc -o conftest  -O2 -Wall -std=c99 -pedantic -Wshadow -Wpointer-arith -Wmissing-prototypes -Wwrite-strings  -ffunction-sections -fdata-sections  -Wl,--gc-sections conftest.c -lpthread  -ldl -lm  >&5
configure:5645: $? = 0
configure:5654: result: yes
configure:5857: checking for mmap
configure:5876: gcc -o conftest  -O2 -Wall -std=c99 -pedantic -Wshadow -Wpointer-arith -Wmissing-prototypes -Wwrite-strings  -ffunction-sections -fdata-sections  -Wl,--gc-sections conftest.c -lpthread -ldl -lm  >&5
configure:5876: $? = 0
configure:5885: result: yes
configure:5895: checking for genccode assembly
configure:5929: result: -a gcc
configure:5935: checking for inttypes.h
configure:5935: result: yes
configure:5964: checking dirent.h usability
configure:5964: gcc -c  -O2 -Wall -std=c99 -pedantic -Wshadow -Wpointer-arith -Wmissing-prototypes -Wwrite-strings  -ffunction-sections -fdata-sections conftest.c >&5
configure:5964: $? = 0
configure:5964: result: yes
configure:5964: checking dirent.h presence
configure:5964: gcc -E  -ffunction-sections -fdata-sections conftest.c
configure:5964: $? = 0
configure:5964: result: yes
configure:5964: checking for dirent.h
configure:5964: result: yes
configure:5984: checking whether byte ordering is bigendian
configure:5999: gcc -c  -O2 -Wall -std=c99 -pedantic -Wshadow -Wpointer-arith -Wmissing-prototypes -Wwrite-strings  -ffunction-sections -fdata-sections conftest.c >&5
conftest.c:28:9: error: unknown type name 'not'
         not a universal capable compiler
         ^
conftest.c:28:15: error: expected '=', ',', ';', 'asm' or '__attribute__' before 'universal'
         not a universal capable compiler
               ^
conftest.c:28:15: error: unknown type name 'universal'
configure:5999: $? = 1
configure: failed program was:
| /* confdefs.h */
| #define PACKAGE_NAME ""
| #define PACKAGE_TARNAME ""
| #define PACKAGE_VERSION ""
| #define PACKAGE_STRING ""
| #define PACKAGE_BUGREPORT ""
| #define PACKAGE_URL ""
| #define STDC_HEADERS 1
| #define HAVE_SYS_TYPES_H 1
| #define HAVE_SYS_STAT_H 1
| #define HAVE_STDLIB_H 1
| #define HAVE_STRING_H 1
| #define HAVE_MEMORY_H 1
| #define HAVE_STRINGS_H 1
| #define HAVE_INTTYPES_H 1
| #define HAVE_STDINT_H 1
| #define HAVE_UNISTD_H 1
| #define SIZEOF_VOID_P 8
| #define HAVE_LIBM 1
| #define HAVE_DLFCN_H 1
| #define HAVE_DLOPEN 1
| #define HAVE_GETTIMEOFDAY 1
| #define HAVE_LIBPTHREAD 1
| #define HAVE_INTTYPES_H 1
| #define HAVE_DIRENT_H 1
| /* end confdefs.h.  */
| #ifndef __APPLE_CC__
| 	       not a universal capable compiler
| 	     #endif
| 	     typedef int dummy;
| 
configure:6044: gcc -c  -O2 -Wall -std=c99 -pedantic -Wshadow -Wpointer-arith -Wmissing-prototypes -Wwrite-strings  -ffunction-sections -fdata-sections conftest.c >&5
conftest.c: In function 'main':
conftest.c:34:8: error: unknown type name 'bogus'
        bogus endian macros
        ^
conftest.c:34:21: error: expected '=', ',', ';', 'asm' or '__attribute__' before 'macros'
        bogus endian macros
                     ^
configure:6044: $? = 1
configure: failed program was:
| /* confdefs.h */
| #define PACKAGE_NAME ""
| #define PACKAGE_TARNAME ""
| #define PACKAGE_VERSION ""
| #define PACKAGE_STRING ""
| #define PACKAGE_BUGREPORT ""
| #define PACKAGE_URL ""
| #define STDC_HEADERS 1
| #define HAVE_SYS_TYPES_H 1
| #define HAVE_SYS_STAT_H 1
| #define HAVE_STDLIB_H 1
| #define HAVE_STRING_H 1
| #define HAVE_MEMORY_H 1
| #define HAVE_STRINGS_H 1
| #define HAVE_INTTYPES_H 1
| #define HAVE_STDINT_H 1
| #define HAVE_UNISTD_H 1
| #define SIZEOF_VOID_P 8
| #define HAVE_LIBM 1
| #define HAVE_DLFCN_H 1
| #define HAVE_DLOPEN 1
| #define HAVE_GETTIMEOFDAY 1
| #define HAVE_LIBPTHREAD 1
| #define HAVE_INTTYPES_H 1
| #define HAVE_DIRENT_H 1
| /* end confdefs.h.  */
| #include <sys/types.h>
| 	     #include <sys/param.h>
| 
| int
| main ()
| {
| #if ! (defined BYTE_ORDER && defined BIG_ENDIAN 		     && defined LITTLE_ENDIAN && BYTE_ORDER && BIG_ENDIAN 		     && LITTLE_ENDIAN)
| 	      bogus endian macros
| 	     #endif
| 
|   ;
|   return 0;
| }
configure:6088: gcc -c  -O2 -Wall -std=c99 -pedantic -Wshadow -Wpointer-arith -Wmissing-prototypes -Wwrite-strings  -ffunction-sections -fdata-sections conftest.c >&5
conftest.c: In function 'main':
conftest.c:33:8: error: unknown type name 'bogus'
        bogus endian macros
        ^
conftest.c:33:21: error: expected '=', ',', ';', 'asm' or '__attribute__' before 'macros'
        bogus endian macros
                     ^
configure:6088: $? = 1
configure: failed program was:
| /* confdefs.h */
| #define PACKAGE_NAME ""
| #define PACKAGE_TARNAME ""
| #define PACKAGE_VERSION ""
| #define PACKAGE_STRING ""
| #define PACKAGE_BUGREPORT ""
| #define PACKAGE_URL ""
| #define STDC_HEADERS 1
| #define HAVE_SYS_TYPES_H 1
| #define HAVE_SYS_STAT_H 1
| #define HAVE_STDLIB_H 1
| #define HAVE_STRING_H 1
| #define HAVE_MEMORY_H 1
| #define HAVE_STRINGS_H 1
| #define HAVE_INTTYPES_H 1
| #define HAVE_STDINT_H 1
| #define HAVE_UNISTD_H 1
| #define SIZEOF_VOID_P 8
| #define HAVE_LIBM 1
| #define HAVE_DLFCN_H 1
| #define HAVE_DLOPEN 1
| #define HAVE_GETTIMEOFDAY 1
| #define HAVE_LIBPTHREAD 1
| #define HAVE_INTTYPES_H 1
| #define HAVE_DIRENT_H 1
| /* end confdefs.h.  */
| #include <limits.h>
| 
| int
| main ()
| {
| #if ! (defined _LITTLE_ENDIAN || defined _BIG_ENDIAN)
| 	      bogus endian macros
| 	     #endif
| 
|   ;
|   return 0;
| }
configure:6179: gcc -o conftest  -O2 -Wall -std=c99 -pedantic -Wshadow -Wpointer-arith -Wmissing-prototypes -Wwrite-strings  -ffunction-sections -fdata-sections  -Wl,--gc-sections conftest.c -lpthread -ldl -lm  >&5
configure:6179: $? = 0
configure:6179: ./conftest
configure:6179: $? = 0
configure:6190: result: no
configure:6220: checking for nl_langinfo
configure:6220: gcc -o conftest  -O2 -Wall -std=c99 -pedantic -Wshadow -Wpointer-arith -Wmissing-prototypes -Wwrite-strings  -ffunction-sections -fdata-sections  -Wl,--gc-sections conftest.c -lpthread -ldl -lm  >&5
configure:6220: $? = 0
configure:6220: result: yes
configure:6228: checking for nl_langinfo's argument to obtain the codeset
configure:6246: gcc -o conftest  -O2 -Wall -std=c99 -pedantic -Wshadow -Wpointer-arith -Wmissing-prototypes -Wwrite-strings  -ffunction-sections -fdata-sections  -Wl,--gc-sections conftest.c -lpthread -ldl -lm  >&5
configure:6246: $? = 0
configure:6253: result: CODESET
configure:6277: checking for namespace support
configure:6296: g++ -o conftest  -O2 -W -Wall -pedantic -Wpointer-arith -Wwrite-strings -Wno-long-long  -ffunction-sections -fdata-sections  -Wl,--gc-sections conftest.cpp -lpthread -ldl -lm  >&5
configure:6296: $? = 0
configure:6305: result: yes
configure:6312: checking for properly overriding new and delete
configure:6338: g++ -o conftest  -O2 -W -Wall -pedantic -Wpointer-arith -Wwrite-strings -Wno-long-long  -ffunction-sections -fdata-sections  -Wl,--gc-sections conftest.cpp -lpthread -ldl -lm  >&5
configure:6338: $? = 0
configure:6347: result: yes
configure:6352: checking for placement new and delete
configure:6378: g++ -o conftest  -O2 -W -Wall -pedantic -Wpointer-arith -Wwrite-strings -Wno-long-long  -ffunction-sections -fdata-sections  -Wl,--gc-sections conftest.cpp -lpthread -ldl -lm  >&5
configure:6378: $? = 0
configure:6387: result: yes
configure:6407: checking for popen
configure:6407: gcc -o conftest  -O2 -Wall -std=c99 -pedantic -Wshadow -Wpointer-arith -Wmissing-prototypes -Wwrite-strings  -ffunction-sections -fdata-sections  -Wl,--gc-sections conftest.c -lpthread -ldl -lm  >&5
configure:6407: $? = 0
configure:6407: result: yes
configure:6421: checking for tzset
configure:6421: gcc -o conftest  -O2 -Wall -std=c99 -pedantic -Wshadow -Wpointer-arith -Wmissing-prototypes -Wwrite-strings  -ffunction-sections -fdata-sections  -Wl,--gc-sections conftest.c -lpthread -ldl -lm  >&5
configure:6421: $? = 0
configure:6421: result: yes
configure:6449: checking for tzname
configure:6472: gcc -o conftest  -O2 -Wall -std=c99 -pedantic -Wshadow -Wpointer-arith -Wmissing-prototypes -Wwrite-strings  -ffunction-sections -fdata-sections  -Wl,--gc-sections conftest.c -lpthread -ldl -lm  >&5
conftest.c: In function 'main':
conftest.c:38:1: warning: statement with no effect [-Wunused-value]
 atoi(*tzname);
 ^
conftest.c:38:1: warning: ignoring return value of 'atoi', declared with attribute warn_unused_result [-Wunused-result]
configure:6472: $? = 0
configure:6480: result: yes
configure:6524: checking for timezone
configure:6547: gcc -o conftest  -O2 -Wall -std=c99 -pedantic -Wshadow -Wpointer-arith -Wmissing-prototypes -Wwrite-strings  -ffunction-sections -fdata-sections  -Wl,--gc-sections conftest.c -lpthread -ldl -lm  >&5
conftest.c: In function 'main':
conftest.c:38:1: error: 'timezone' undeclared (first use in this function)
 timezone = 1;
 ^
conftest.c:38:1: note: each undeclared identifier is reported only once for each function it appears in
configure:6547: $? = 1
configure: failed program was:
| /* confdefs.h */
| #define PACKAGE_NAME ""
| #define PACKAGE_TARNAME ""
| #define PACKAGE_VERSION ""
| #define PACKAGE_STRING ""
| #define PACKAGE_BUGREPORT ""
| #define PACKAGE_URL ""
| #define STDC_HEADERS 1
| #define HAVE_SYS_TYPES_H 1
| #define HAVE_SYS_STAT_H 1
| #define HAVE_STDLIB_H 1
| #define HAVE_STRING_H 1
| #define HAVE_MEMORY_H 1
| #define HAVE_STRINGS_H 1
| #define HAVE_INTTYPES_H 1
| #define HAVE_STDINT_H 1
| #define HAVE_UNISTD_H 1
| #define SIZEOF_VOID_P 8
| #define HAVE_LIBM 1
| #define HAVE_DLFCN_H 1
| #define HAVE_DLOPEN 1
| #define HAVE_GETTIMEOFDAY 1
| #define HAVE_LIBPTHREAD 1
| #define HAVE_INTTYPES_H 1
| #define HAVE_DIRENT_H 1
| /* end confdefs.h.  */
| #ifndef __USE_POSIX
| #define __USE_POSIX
| #endif
| #ifndef __USE_XOPEN
| #define __USE_XOPEN
| #endif
| #include <time.h>
| 
| int
| main ()
| {
| timezone = 1;
|   ;
|   return 0;
| }
configure:6555: result: no
configure:6562: checking for __timezone
configure:6578: gcc -o conftest  -O2 -Wall -std=c99 -pedantic -Wshadow -Wpointer-arith -Wmissing-prototypes -Wwrite-strings  -ffunction-sections -fdata-sections  -Wl,--gc-sections conftest.c -lpthread -ldl -lm  >&5
configure:6578: $? = 0
configure:6586: result: yes
configure:6630: checking for int8_t
configure:6630: gcc -c  -O2 -Wall -std=c99 -pedantic -Wshadow -Wpointer-arith -Wmissing-prototypes -Wwrite-strings  -ffunction-sections -fdata-sections conftest.c >&5
configure:6630: $? = 0
configure:6630: gcc -c  -O2 -Wall -std=c99 -pedantic -Wshadow -Wpointer-arith -Wmissing-prototypes -Wwrite-strings  -ffunction-sections -fdata-sections conftest.c >&5
conftest.c: In function 'main':
conftest.c:63:21: error: expected expression before ')' token
 if (sizeof ((int8_t)))
                     ^
configure:6630: $? = 1
configure: failed program was:
| /* confdefs.h */
| #define PACKAGE_NAME ""
| #define PACKAGE_TARNAME ""
| #define PACKAGE_VERSION ""
| #define PACKAGE_STRING ""
| #define PACKAGE_BUGREPORT ""
| #define PACKAGE_URL ""
| #define STDC_HEADERS 1
| #define HAVE_SYS_TYPES_H 1
| #define HAVE_SYS_STAT_H 1
| #define HAVE_STDLIB_H 1
| #define HAVE_STRING_H 1
| #define HAVE_MEMORY_H 1
| #define HAVE_STRINGS_H 1
| #define HAVE_INTTYPES_H 1
| #define HAVE_STDINT_H 1
| #define HAVE_UNISTD_H 1
| #define SIZEOF_VOID_P 8
| #define HAVE_LIBM 1
| #define HAVE_DLFCN_H 1
| #define HAVE_DLOPEN 1
| #define HAVE_GETTIMEOFDAY 1
| #define HAVE_LIBPTHREAD 1
| #define HAVE_INTTYPES_H 1
| #define HAVE_DIRENT_H 1
| /* end confdefs.h.  */
| #include <stdio.h>
| #ifdef HAVE_SYS_TYPES_H
| # include <sys/types.h>
| #endif
| #ifdef HAVE_SYS_STAT_H
| # include <sys/stat.h>
| #endif
| #ifdef STDC_HEADERS
| # include <stdlib.h>
| # include <stddef.h>
| #else
| # ifdef HAVE_STDLIB_H
| #  include <stdlib.h>
| # endif
| #endif
| #ifdef HAVE_STRING_H
| # if !defined STDC_HEADERS && defined HAVE_MEMORY_H
| #  include <memory.h>
| # endif
| # include <string.h>
| #endif
| #ifdef HAVE_STRINGS_H
| # include <strings.h>
| #endif
| #ifdef HAVE_INTTYPES_H
| # include <inttypes.h>
| #endif
| #ifdef HAVE_STDINT_H
| # include <stdint.h>
| #endif
| #ifdef HAVE_UNISTD_H
| # include <unistd.h>
| #endif
| int
| main ()
| {
| if (sizeof ((int8_t)))
| 	    return 0;
|   ;
|   return 0;
| }
configure:6630: result: yes
configure:6641: checking for uint8_t
configure:6641: gcc -c  -O2 -Wall -std=c99 -pedantic -Wshadow -Wpointer-arith -Wmissing-prototypes -Wwrite-strings  -ffunction-sections -fdata-sections conftest.c >&5
configure:6641: $? = 0
configure:6641: gcc -c  -O2 -Wall -std=c99 -pedantic -Wshadow -Wpointer-arith -Wmissing-prototypes -Wwrite-strings  -ffunction-sections -fdata-sections conftest.c >&5
conftest.c: In function 'main':
conftest.c:63:22: error: expected expression before ')' token
 if (sizeof ((uint8_t)))
                      ^
configure:6641: $? = 1
configure: failed program was:
| /* confdefs.h */
| #define PACKAGE_NAME ""
| #define PACKAGE_TARNAME ""
| #define PACKAGE_VERSION ""
| #define PACKAGE_STRING ""
| #define PACKAGE_BUGREPORT ""
| #define PACKAGE_URL ""
| #define STDC_HEADERS 1
| #define HAVE_SYS_TYPES_H 1
| #define HAVE_SYS_STAT_H 1
| #define HAVE_STDLIB_H 1
| #define HAVE_STRING_H 1
| #define HAVE_MEMORY_H 1
| #define HAVE_STRINGS_H 1
| #define HAVE_INTTYPES_H 1
| #define HAVE_STDINT_H 1
| #define HAVE_UNISTD_H 1
| #define SIZEOF_VOID_P 8
| #define HAVE_LIBM 1
| #define HAVE_DLFCN_H 1
| #define HAVE_DLOPEN 1
| #define HAVE_GETTIMEOFDAY 1
| #define HAVE_LIBPTHREAD 1
| #define HAVE_INTTYPES_H 1
| #define HAVE_DIRENT_H 1
| /* end confdefs.h.  */
| #include <stdio.h>
| #ifdef HAVE_SYS_TYPES_H
| # include <sys/types.h>
| #endif
| #ifdef HAVE_SYS_STAT_H
| # include <sys/stat.h>
| #endif
| #ifdef STDC_HEADERS
| # include <stdlib.h>
| # include <stddef.h>
| #else
| # ifdef HAVE_STDLIB_H
| #  include <stdlib.h>
| # endif
| #endif
| #ifdef HAVE_STRING_H
| # if !defined STDC_HEADERS && defined HAVE_MEMORY_H
| #  include <memory.h>
| # endif
| # include <string.h>
| #endif
| #ifdef HAVE_STRINGS_H
| # include <strings.h>
| #endif
| #ifdef HAVE_INTTYPES_H
| # include <inttypes.h>
| #endif
| #ifdef HAVE_STDINT_H
| # include <stdint.h>
| #endif
| #ifdef HAVE_UNISTD_H
| # include <unistd.h>
| #endif
| int
| main ()
| {
| if (sizeof ((uint8_t)))
| 	    return 0;
|   ;
|   return 0;
| }
configure:6641: result: yes
configure:6652: checking for int16_t
configure:6652: gcc -c  -O2 -Wall -std=c99 -pedantic -Wshadow -Wpointer-arith -Wmissing-prototypes -Wwrite-strings  -ffunction-sections -fdata-sections conftest.c >&5
configure:6652: $? = 0
configure:6652: gcc -c  -O2 -Wall -std=c99 -pedantic -Wshadow -Wpointer-arith -Wmissing-prototypes -Wwrite-strings  -ffunction-sections -fdata-sections conftest.c >&5
conftest.c: In function 'main':
conftest.c:63:22: error: expected expression before ')' token
 if (sizeof ((int16_t)))
                      ^
configure:6652: $? = 1
configure: failed program was:
| /* confdefs.h */
| #define PACKAGE_NAME ""
| #define PACKAGE_TARNAME ""
| #define PACKAGE_VERSION ""
| #define PACKAGE_STRING ""
| #define PACKAGE_BUGREPORT ""
| #define PACKAGE_URL ""
| #define STDC_HEADERS 1
| #define HAVE_SYS_TYPES_H 1
| #define HAVE_SYS_STAT_H 1
| #define HAVE_STDLIB_H 1
| #define HAVE_STRING_H 1
| #define HAVE_MEMORY_H 1
| #define HAVE_STRINGS_H 1
| #define HAVE_INTTYPES_H 1
| #define HAVE_STDINT_H 1
| #define HAVE_UNISTD_H 1
| #define SIZEOF_VOID_P 8
| #define HAVE_LIBM 1
| #define HAVE_DLFCN_H 1
| #define HAVE_DLOPEN 1
| #define HAVE_GETTIMEOFDAY 1
| #define HAVE_LIBPTHREAD 1
| #define HAVE_INTTYPES_H 1
| #define HAVE_DIRENT_H 1
| /* end confdefs.h.  */
| #include <stdio.h>
| #ifdef HAVE_SYS_TYPES_H
| # include <sys/types.h>
| #endif
| #ifdef HAVE_SYS_STAT_H
| # include <sys/stat.h>
| #endif
| #ifdef STDC_HEADERS
| # include <stdlib.h>
| # include <stddef.h>
| #else
| # ifdef HAVE_STDLIB_H
| #  include <stdlib.h>
| # endif
| #endif
| #ifdef HAVE_STRING_H
| # if !defined STDC_HEADERS && defined HAVE_MEMORY_H
| #  include <memory.h>
| # endif
| # include <string.h>
| #endif
| #ifdef HAVE_STRINGS_H
| # include <strings.h>
| #endif
| #ifdef HAVE_INTTYPES_H
| # include <inttypes.h>
| #endif
| #ifdef HAVE_STDINT_H
| # include <stdint.h>
| #endif
| #ifdef HAVE_UNISTD_H
| # include <unistd.h>
| #endif
| int
| main ()
| {
| if (sizeof ((int16_t)))
| 	    return 0;
|   ;
|   return 0;
| }
configure:6652: result: yes
configure:6663: checking for uint16_t
configure:6663: gcc -c  -O2 -Wall -std=c99 -pedantic -Wshadow -Wpointer-arith -Wmissing-prototypes -Wwrite-strings  -ffunction-sections -fdata-sections conftest.c >&5
configure:6663: $? = 0
configure:6663: gcc -c  -O2 -Wall -std=c99 -pedantic -Wshadow -Wpointer-arith -Wmissing-prototypes -Wwrite-strings  -ffunction-sections -fdata-sections conftest.c >&5
conftest.c: In function 'main':
conftest.c:63:23: error: expected expression before ')' token
 if (sizeof ((uint16_t)))
                       ^
configure:6663: $? = 1
configure: failed program was:
| /* confdefs.h */
| #define PACKAGE_NAME ""
| #define PACKAGE_TARNAME ""
| #define PACKAGE_VERSION ""
| #define PACKAGE_STRING ""
| #define PACKAGE_BUGREPORT ""
| #define PACKAGE_URL ""
| #define STDC_HEADERS 1
| #define HAVE_SYS_TYPES_H 1
| #define HAVE_SYS_STAT_H 1
| #define HAVE_STDLIB_H 1
| #define HAVE_STRING_H 1
| #define HAVE_MEMORY_H 1
| #define HAVE_STRINGS_H 1
| #define HAVE_INTTYPES_H 1
| #define HAVE_STDINT_H 1
| #define HAVE_UNISTD_H 1
| #define SIZEOF_VOID_P 8
| #define HAVE_LIBM 1
| #define HAVE_DLFCN_H 1
| #define HAVE_DLOPEN 1
| #define HAVE_GETTIMEOFDAY 1
| #define HAVE_LIBPTHREAD 1
| #define HAVE_INTTYPES_H 1
| #define HAVE_DIRENT_H 1
| /* end confdefs.h.  */
| #include <stdio.h>
| #ifdef HAVE_SYS_TYPES_H
| # include <sys/types.h>
| #endif
| #ifdef HAVE_SYS_STAT_H
| # include <sys/stat.h>
| #endif
| #ifdef STDC_HEADERS
| # include <stdlib.h>
| # include <stddef.h>
| #else
| # ifdef HAVE_STDLIB_H
| #  include <stdlib.h>
| # endif
| #endif
| #ifdef HAVE_STRING_H
| # if !defined STDC_HEADERS && defined HAVE_MEMORY_H
| #  include <memory.h>
| # endif
| # include <string.h>
| #endif
| #ifdef HAVE_STRINGS_H
| # include <strings.h>
| #endif
| #ifdef HAVE_INTTYPES_H
| # include <inttypes.h>
| #endif
| #ifdef HAVE_STDINT_H
| # include <stdint.h>
| #endif
| #ifdef HAVE_UNISTD_H
| # include <unistd.h>
| #endif
| int
| main ()
| {
| if (sizeof ((uint16_t)))
| 	    return 0;
|   ;
|   return 0;
| }
configure:6663: result: yes
configure:6674: checking for int32_t
configure:6674: gcc -c  -O2 -Wall -std=c99 -pedantic -Wshadow -Wpointer-arith -Wmissing-prototypes -Wwrite-strings  -ffunction-sections -fdata-sections conftest.c >&5
configure:6674: $? = 0
configure:6674: gcc -c  -O2 -Wall -std=c99 -pedantic -Wshadow -Wpointer-arith -Wmissing-prototypes -Wwrite-strings  -ffunction-sections -fdata-sections conftest.c >&5
conftest.c: In function 'main':
conftest.c:63:22: error: expected expression before ')' token
 if (sizeof ((int32_t)))
                      ^
configure:6674: $? = 1
configure: failed program was:
| /* confdefs.h */
| #define PACKAGE_NAME ""
| #define PACKAGE_TARNAME ""
| #define PACKAGE_VERSION ""
| #define PACKAGE_STRING ""
| #define PACKAGE_BUGREPORT ""
| #define PACKAGE_URL ""
| #define STDC_HEADERS 1
| #define HAVE_SYS_TYPES_H 1
| #define HAVE_SYS_STAT_H 1
| #define HAVE_STDLIB_H 1
| #define HAVE_STRING_H 1
| #define HAVE_MEMORY_H 1
| #define HAVE_STRINGS_H 1
| #define HAVE_INTTYPES_H 1
| #define HAVE_STDINT_H 1
| #define HAVE_UNISTD_H 1
| #define SIZEOF_VOID_P 8
| #define HAVE_LIBM 1
| #define HAVE_DLFCN_H 1
| #define HAVE_DLOPEN 1
| #define HAVE_GETTIMEOFDAY 1
| #define HAVE_LIBPTHREAD 1
| #define HAVE_INTTYPES_H 1
| #define HAVE_DIRENT_H 1
| /* end confdefs.h.  */
| #include <stdio.h>
| #ifdef HAVE_SYS_TYPES_H
| # include <sys/types.h>
| #endif
| #ifdef HAVE_SYS_STAT_H
| # include <sys/stat.h>
| #endif
| #ifdef STDC_HEADERS
| # include <stdlib.h>
| # include <stddef.h>
| #else
| # ifdef HAVE_STDLIB_H
| #  include <stdlib.h>
| # endif
| #endif
| #ifdef HAVE_STRING_H
| # if !defined STDC_HEADERS && defined HAVE_MEMORY_H
| #  include <memory.h>
| # endif
| # include <string.h>
| #endif
| #ifdef HAVE_STRINGS_H
| # include <strings.h>
| #endif
| #ifdef HAVE_INTTYPES_H
| # include <inttypes.h>
| #endif
| #ifdef HAVE_STDINT_H
| # include <stdint.h>
| #endif
| #ifdef HAVE_UNISTD_H
| # include <unistd.h>
| #endif
| int
| main ()
| {
| if (sizeof ((int32_t)))
| 	    return 0;
|   ;
|   return 0;
| }
configure:6674: result: yes
configure:6685: checking for uint32_t
configure:6685: gcc -c  -O2 -Wall -std=c99 -pedantic -Wshadow -Wpointer-arith -Wmissing-prototypes -Wwrite-strings  -ffunction-sections -fdata-sections conftest.c >&5
configure:6685: $? = 0
configure:6685: gcc -c  -O2 -Wall -std=c99 -pedantic -Wshadow -Wpointer-arith -Wmissing-prototypes -Wwrite-strings  -ffunction-sections -fdata-sections conftest.c >&5
conftest.c: In function 'main':
conftest.c:63:23: error: expected expression before ')' token
 if (sizeof ((uint32_t)))
                       ^
configure:6685: $? = 1
configure: failed program was:
| /* confdefs.h */
| #define PACKAGE_NAME ""
| #define PACKAGE_TARNAME ""
| #define PACKAGE_VERSION ""
| #define PACKAGE_STRING ""
| #define PACKAGE_BUGREPORT ""
| #define PACKAGE_URL ""
| #define STDC_HEADERS 1
| #define HAVE_SYS_TYPES_H 1
| #define HAVE_SYS_STAT_H 1
| #define HAVE_STDLIB_H 1
| #define HAVE_STRING_H 1
| #define HAVE_MEMORY_H 1
| #define HAVE_STRINGS_H 1
| #define HAVE_INTTYPES_H 1
| #define HAVE_STDINT_H 1
| #define HAVE_UNISTD_H 1
| #define SIZEOF_VOID_P 8
| #define HAVE_LIBM 1
| #define HAVE_DLFCN_H 1
| #define HAVE_DLOPEN 1
| #define HAVE_GETTIMEOFDAY 1
| #define HAVE_LIBPTHREAD 1
| #define HAVE_INTTYPES_H 1
| #define HAVE_DIRENT_H 1
| /* end confdefs.h.  */
| #include <stdio.h>
| #ifdef HAVE_SYS_TYPES_H
| # include <sys/types.h>
| #endif
| #ifdef HAVE_SYS_STAT_H
| # include <sys/stat.h>
| #endif
| #ifdef STDC_HEADERS
| # include <stdlib.h>
| # include <stddef.h>
| #else
| # ifdef HAVE_STDLIB_H
| #  include <stdlib.h>
| # endif
| #endif
| #ifdef HAVE_STRING_H
| # if !defined STDC_HEADERS && defined HAVE_MEMORY_H
| #  include <memory.h>
| # endif
| # include <string.h>
| #endif
| #ifdef HAVE_STRINGS_H
| # include <strings.h>
| #endif
| #ifdef HAVE_INTTYPES_H
| # include <inttypes.h>
| #endif
| #ifdef HAVE_STDINT_H
| # include <stdint.h>
| #endif
| #ifdef HAVE_UNISTD_H
| # include <unistd.h>
| #endif
| int
| main ()
| {
| if (sizeof ((uint32_t)))
| 	    return 0;
|   ;
|   return 0;
| }
configure:6685: result: yes
configure:6696: checking for int64_t
configure:6696: gcc -c  -O2 -Wall -std=c99 -pedantic -Wshadow -Wpointer-arith -Wmissing-prototypes -Wwrite-strings  -ffunction-sections -fdata-sections conftest.c >&5
configure:6696: $? = 0
configure:6696: gcc -c  -O2 -Wall -std=c99 -pedantic -Wshadow -Wpointer-arith -Wmissing-prototypes -Wwrite-strings  -ffunction-sections -fdata-sections conftest.c >&5
conftest.c: In function 'main':
conftest.c:63:22: error: expected expression before ')' token
 if (sizeof ((int64_t)))
                      ^
configure:6696: $? = 1
configure: failed program was:
| /* confdefs.h */
| #define PACKAGE_NAME ""
| #define PACKAGE_TARNAME ""
| #define PACKAGE_VERSION ""
| #define PACKAGE_STRING ""
| #define PACKAGE_BUGREPORT ""
| #define PACKAGE_URL ""
| #define STDC_HEADERS 1
| #define HAVE_SYS_TYPES_H 1
| #define HAVE_SYS_STAT_H 1
| #define HAVE_STDLIB_H 1
| #define HAVE_STRING_H 1
| #define HAVE_MEMORY_H 1
| #define HAVE_STRINGS_H 1
| #define HAVE_INTTYPES_H 1
| #define HAVE_STDINT_H 1
| #define HAVE_UNISTD_H 1
| #define SIZEOF_VOID_P 8
| #define HAVE_LIBM 1
| #define HAVE_DLFCN_H 1
| #define HAVE_DLOPEN 1
| #define HAVE_GETTIMEOFDAY 1
| #define HAVE_LIBPTHREAD 1
| #define HAVE_INTTYPES_H 1
| #define HAVE_DIRENT_H 1
| /* end confdefs.h.  */
| #include <stdio.h>
| #ifdef HAVE_SYS_TYPES_H
| # include <sys/types.h>
| #endif
| #ifdef HAVE_SYS_STAT_H
| # include <sys/stat.h>
| #endif
| #ifdef STDC_HEADERS
| # include <stdlib.h>
| # include <stddef.h>
| #else
| # ifdef HAVE_STDLIB_H
| #  include <stdlib.h>
| # endif
| #endif
| #ifdef HAVE_STRING_H
| # if !defined STDC_HEADERS && defined HAVE_MEMORY_H
| #  include <memory.h>
| # endif
| # include <string.h>
| #endif
| #ifdef HAVE_STRINGS_H
| # include <strings.h>
| #endif
| #ifdef HAVE_INTTYPES_H
| # include <inttypes.h>
| #endif
| #ifdef HAVE_STDINT_H
| # include <stdint.h>
| #endif
| #ifdef HAVE_UNISTD_H
| # include <unistd.h>
| #endif
| int
| main ()
| {
| if (sizeof ((int64_t)))
| 	    return 0;
|   ;
|   return 0;
| }
configure:6696: result: yes
configure:6707: checking for uint64_t
configure:6707: gcc -c  -O2 -Wall -std=c99 -pedantic -Wshadow -Wpointer-arith -Wmissing-prototypes -Wwrite-strings  -ffunction-sections -fdata-sections conftest.c >&5
configure:6707: $? = 0
configure:6707: gcc -c  -O2 -Wall -std=c99 -pedantic -Wshadow -Wpointer-arith -Wmissing-prototypes -Wwrite-strings  -ffunction-sections -fdata-sections conftest.c >&5
conftest.c: In function 'main':
conftest.c:63:23: error: expected expression before ')' token
 if (sizeof ((uint64_t)))
                       ^
configure:6707: $? = 1
configure: failed program was:
| /* confdefs.h */
| #define PACKAGE_NAME ""
| #define PACKAGE_TARNAME ""
| #define PACKAGE_VERSION ""
| #define PACKAGE_STRING ""
| #define PACKAGE_BUGREPORT ""
| #define PACKAGE_URL ""
| #define STDC_HEADERS 1
| #define HAVE_SYS_TYPES_H 1
| #define HAVE_SYS_STAT_H 1
| #define HAVE_STDLIB_H 1
| #define HAVE_STRING_H 1
| #define HAVE_MEMORY_H 1
| #define HAVE_STRINGS_H 1
| #define HAVE_INTTYPES_H 1
| #define HAVE_STDINT_H 1
| #define HAVE_UNISTD_H 1
| #define SIZEOF_VOID_P 8
| #define HAVE_LIBM 1
| #define HAVE_DLFCN_H 1
| #define HAVE_DLOPEN 1
| #define HAVE_GETTIMEOFDAY 1
| #define HAVE_LIBPTHREAD 1
| #define HAVE_INTTYPES_H 1
| #define HAVE_DIRENT_H 1
| /* end confdefs.h.  */
| #include <stdio.h>
| #ifdef HAVE_SYS_TYPES_H
| # include <sys/types.h>
| #endif
| #ifdef HAVE_SYS_STAT_H
| # include <sys/stat.h>
| #endif
| #ifdef STDC_HEADERS
| # include <stdlib.h>
| # include <stddef.h>
| #else
| # ifdef HAVE_STDLIB_H
| #  include <stdlib.h>
| # endif
| #endif
| #ifdef HAVE_STRING_H
| # if !defined STDC_HEADERS && defined HAVE_MEMORY_H
| #  include <memory.h>
| # endif
| # include <string.h>
| #endif
| #ifdef HAVE_STRINGS_H
| # include <strings.h>
| #endif
| #ifdef HAVE_INTTYPES_H
| # include <inttypes.h>
| #endif
| #ifdef HAVE_STDINT_H
| # include <stdint.h>
| #endif
| #ifdef HAVE_UNISTD_H
| # include <unistd.h>
| #endif
| int
| main ()
| {
| if (sizeof ((uint64_t)))
| 	    return 0;
|   ;
|   return 0;
| }
configure:6707: result: yes
configure:6752: checking wchar.h usability
configure:6752: gcc -c  -O2 -Wall -std=c99 -pedantic -Wshadow -Wpointer-arith -Wmissing-prototypes -Wwrite-strings  -ffunction-sections -fdata-sections conftest.c >&5
configure:6752: $? = 0
configure:6752: result: yes
configure:6752: checking wchar.h presence
configure:6752: gcc -E  -ffunction-sections -fdata-sections conftest.c
configure:6752: $? = 0
configure:6752: result: yes
configure:6752: checking for wchar.h
configure:6752: result: yes
configure:6769: checking for library containing wcscpy
configure:6800: gcc -o conftest  -O2 -Wall -std=c99 -pedantic -Wshadow -Wpointer-arith -Wmissing-prototypes -Wwrite-strings  -ffunction-sections -fdata-sections  -Wl,--gc-sections conftest.c -lpthread -ldl -lm  >&5
configure:6800: $? = 0
configure:6817: result: none required
configure:6839: checking size of wchar_t
configure:6844: gcc -o conftest  -O2 -Wall -std=c99 -pedantic -Wshadow -Wpointer-arith -Wmissing-prototypes -Wwrite-strings  -ffunction-sections -fdata-sections  -Wl,--gc-sections conftest.c -lpthread -ldl -lm  >&5
configure:6844: $? = 0
configure:6844: ./conftest
configure:6844: $? = 0
configure:6867: result: 4
configure:6885: checking for UTF-16 string literal support
configure:6993: gcc -c  -O2 -Wall -std=c99 -pedantic -Wshadow -Wpointer-arith -Wmissing-prototypes -Wwrite-strings -std=gnu99  -ffunction-sections -fdata-sections conftest.c >&5
conftest.c:30:14: error: unknown type name 'char16_t'
 static const char16_t test[] = u"This is a UTF16 literal string.";
              ^
conftest.c:30:32: error: wide character array initialized from incompatible wide string
 static const char16_t test[] = u"This is a UTF16 literal string.";
                                ^
configure:6993: $? = 1
configure: failed program was:
| /* confdefs.h */
| #define PACKAGE_NAME ""
| #define PACKAGE_TARNAME ""
| #define PACKAGE_VERSION ""
| #define PACKAGE_STRING ""
| #define PACKAGE_BUGREPORT ""
| #define PACKAGE_URL ""
| #define STDC_HEADERS 1
| #define HAVE_SYS_TYPES_H 1
| #define HAVE_SYS_STAT_H 1
| #define HAVE_STDLIB_H 1
| #define HAVE_STRING_H 1
| #define HAVE_MEMORY_H 1
| #define HAVE_STRINGS_H 1
| #define HAVE_INTTYPES_H 1
| #define HAVE_STDINT_H 1
| #define HAVE_UNISTD_H 1
| #define SIZEOF_VOID_P 8
| #define HAVE_LIBM 1
| #define HAVE_DLFCN_H 1
| #define HAVE_DLOPEN 1
| #define HAVE_GETTIMEOFDAY 1
| #define HAVE_LIBPTHREAD 1
| #define HAVE_INTTYPES_H 1
| #define HAVE_DIRENT_H 1
| #define HAVE_WCHAR_H 1
| #define SIZEOF_WCHAR_T 4
| /* end confdefs.h.  */
| 
| static const char16_t test[] = u"This is a UTF16 literal string.";
| 
| int
| main ()
| {
| 
|   ;
|   return 0;
| }
configure:7028: g++ -c  -O2 -W -Wall -pedantic -Wpointer-arith -Wwrite-strings -Wno-long-long -std=c++11  -ffunction-sections -fdata-sections conftest.cpp >&5
configure:7028: $? = 0
configure:7051: result: C++ only
configure:7184: checking for a library suffix to use
configure:7198: result: none
configure:7462: creating ./config.status

## ---------------------- ##
## Running config.status. ##
## ---------------------- ##

This file was extended by config.status, which was
generated by GNU Autoconf 2.68.  Invocation command line was

  CONFIG_FILES    = 
  CONFIG_HEADERS  = 
  CONFIG_LINKS    = 
  CONFIG_COMMANDS = 
  $ ./config.status 

on ubuntu-xenial

config.status:879: creating icudefs.mk
config.status:879: creating Makefile
config.status:879: creating data/pkgdataMakefile
config.status:879: creating config/Makefile.inc
config.status:879: creating config/icu.pc
config.status:879: creating config/pkgdataMakefile
config.status:879: creating data/Makefile
config.status:879: creating stubdata/Makefile
config.status:879: creating common/Makefile
config.status:879: creating i18n/Makefile
config.status:879: creating layout/Makefile
config.status:879: creating layoutex/Makefile
config.status:879: creating io/Makefile
config.status:879: creating extra/Makefile
config.status:879: creating extra/uconv/Makefile
config.status:879: creating extra/uconv/pkgdataMakefile
config.status:879: creating extra/scrptrun/Makefile
config.status:879: creating tools/Makefile
config.status:879: creating tools/ctestfw/Makefile
config.status:879: creating tools/toolutil/Makefile
config.status:879: creating tools/makeconv/Makefile
config.status:879: creating tools/genrb/Makefile
config.status:879: creating tools/genccode/Makefile
config.status:879: creating tools/gencmn/Makefile
config.status:879: creating tools/gencnval/Makefile
config.status:879: creating tools/gendict/Makefile
config.status:879: creating tools/gentest/Makefile
config.status:879: creating tools/gennorm2/Makefile
config.status:879: creating tools/genbrk/Makefile
config.status:879: creating tools/gensprep/Makefile
config.status:879: creating tools/icuinfo/Makefile
config.status:879: creating tools/icupkg/Makefile
config.status:879: creating tools/icuswap/Makefile
config.status:879: creating tools/pkgdata/Makefile
config.status:879: creating tools/tzcode/Makefile
config.status:879: creating tools/gencfu/Makefile
config.status:879: creating test/Makefile
config.status:879: creating test/compat/Makefile
config.status:879: creating test/testdata/Makefile
config.status:879: creating test/testdata/pkgdataMakefile
config.status:879: creating test/hdrtst/Makefile
config.status:879: creating test/intltest/Makefile
config.status:879: creating test/cintltst/Makefile
config.status:879: creating test/iotest/Makefile
config.status:879: creating test/letest/Makefile
config.status:879: creating test/perf/Makefile
config.status:879: creating test/perf/collationperf/Makefile
config.status:879: creating test/perf/collperf/Makefile
config.status:879: creating test/perf/dicttrieperf/Makefile
config.status:879: creating test/perf/ubrkperf/Makefile
config.status:879: creating test/perf/charperf/Makefile
config.status:879: creating test/perf/convperf/Makefile
config.status:879: creating test/perf/normperf/Makefile
config.status:879: creating test/perf/DateFmtPerf/Makefile
config.status:879: creating test/perf/howExpensiveIs/Makefile
config.status:879: creating test/perf/strsrchperf/Makefile
config.status:879: creating test/perf/unisetperf/Makefile
config.status:879: creating test/perf/usetperf/Makefile
config.status:879: creating test/perf/ustrperf/Makefile
config.status:879: creating test/perf/utfperf/Makefile
config.status:879: creating test/perf/utrie2perf/Makefile
config.status:879: creating samples/Makefile
config.status:879: creating samples/date/Makefile
config.status:879: creating samples/cal/Makefile
config.status:879: creating samples/layout/Makefile
configure:8569: checking the version of "make"
configure:8572: result: ok

## ---------------- ##
## Cache variables. ##
## ---------------- ##

ac_cv_build=x86_64-unknown-linux-gnu
ac_cv_c_bigendian=no
ac_cv_c_compiler_gnu=yes
ac_cv_cxx_compiler_gnu=yes
ac_cv_env_CCC_set=
ac_cv_env_CCC_value=
ac_cv_env_CC_set=
ac_cv_env_CC_value=
ac_cv_env_CFLAGS_set=
ac_cv_env_CFLAGS_value=
ac_cv_env_CPPFLAGS_set=
ac_cv_env_CPPFLAGS_value=
ac_cv_env_CPP_set=
ac_cv_env_CPP_value=
ac_cv_env_CXXFLAGS_set=
ac_cv_env_CXXFLAGS_value=
ac_cv_env_CXX_set=
ac_cv_env_CXX_value=
ac_cv_env_LDFLAGS_set=
ac_cv_env_LDFLAGS_value=
ac_cv_env_LIBS_set=
ac_cv_env_LIBS_value=
ac_cv_env_build_alias_set=
ac_cv_env_build_alias_value=
ac_cv_env_host_alias_set=
ac_cv_env_host_alias_value=
ac_cv_env_target_alias_set=
ac_cv_env_target_alias_value=
ac_cv_func_dlopen=yes
ac_cv_func_gettimeofday=yes
ac_cv_func_mmap_ok=yes
ac_cv_func_nl_langinfo=yes
ac_cv_func_popen=yes
ac_cv_func_tzset=yes
ac_cv_header_dirent_h=yes
ac_cv_header_dlfcn_h=yes
ac_cv_header_inttypes_h=yes
ac_cv_header_memory_h=yes
ac_cv_header_stdc=yes
ac_cv_header_stdint_h=yes
ac_cv_header_stdlib_h=yes
ac_cv_header_stdstring=yes
ac_cv_header_string_h=yes
ac_cv_header_strings_h=yes
ac_cv_header_sys_stat_h=yes
ac_cv_header_sys_types_h=yes
ac_cv_header_unistd_h=yes
ac_cv_header_wchar_h=yes
ac_cv_host=x86_64-unknown-linux-gnu
ac_cv_lib_m_floor=yes
ac_cv_lib_pthread_pthread_attr_init=yes
ac_cv_namespace_ok=yes
ac_cv_nl_langinfo_codeset=CODESET
ac_cv_objext=o
ac_cv_override_cxx_allocation_ok=yes
ac_cv_override_placement_new_ok=yes
ac_cv_path_EGREP='/bin/grep -E'
ac_cv_path_GREP=/bin/grep
ac_cv_path_install='/usr/bin/install -c'
ac_cv_prog_CPP='gcc -E'
ac_cv_prog_ac_ct_AR=ar
ac_cv_prog_ac_ct_CC=gcc
ac_cv_prog_ac_ct_CXX=g++
ac_cv_prog_ac_ct_RANLIB=ranlib
ac_cv_prog_cc_c89=
ac_cv_prog_cc_g=yes
ac_cv_prog_cxx_g=yes
ac_cv_search_dlopen=-ldl
ac_cv_search_wcscpy='none required'
ac_cv_sizeof_void_p=8
ac_cv_sizeof_wchar_t=4
ac_cv_type_int16_t=yes
ac_cv_type_int32_t=yes
ac_cv_type_int64_t=yes
ac_cv_type_int8_t=yes
ac_cv_type_uint16_t=yes
ac_cv_type_uint32_t=yes
ac_cv_type_uint64_t=yes
ac_cv_type_uint8_t=yes
ac_cv_var___timezone=yes
ac_cv_var_timezone=no
ac_cv_var_tzname=yes
icu_cv_host_frag=mh-linux

## ----------------- ##
## Output variables. ##
## ----------------- ##

AR='ar'
ARFLAGS=''
CC='gcc'
CFLAGS=' -O2 -Wall -std=c99 -pedantic -Wshadow -Wpointer-arith -Wmissing-prototypes -Wwrite-strings $(THREADSCFLAGS)'
COMPILE_LINK_ENVVAR=''
CPP='gcc -E'
CPPFLAGS=' -ffunction-sections -fdata-sections $(THREADSCPPFLAGS)  '
CXX='g++'
CXXFLAGS=' -O2 -W -Wall -pedantic -Wpointer-arith -Wwrite-strings -Wno-long-long -std=c++11 $(THREADSCXXFLAGS)'
DATA_PACKAGING_MODE='static'
DEFS='-DPACKAGE_NAME=\"\" -DPACKAGE_TARNAME=\"\" -DPACKAGE_VERSION=\"\" -DPACKAGE_STRING=\"\" -DPACKAGE_BUGREPORT=\"\" -DPACKAGE_URL=\"\" -DSTDC_HEADERS=1 -DHAVE_SYS_TYPES_H=1 -DHAVE_SYS_STAT_H=1 -DHAVE_STDLIB_H=1 -DHAVE_STRING_H=1 -DHAVE_MEMORY_H=1 -DHAVE_STRINGS_H=1 -DHAVE_INTTYPES_H=1 -DHAVE_STDINT_H=1 -DHAVE_UNISTD_H=1 -DSIZEOF_VOID_P=8 -DHAVE_LIBM=1 -DHAVE_DLFCN_H=1 -DHAVE_DLOPEN=1 -DHAVE_GETTIMEOFDAY=1 -DHAVE_LIBPTHREAD=1 -DHAVE_INTTYPES_H=1 -DHAVE_DIRENT_H=1 -DHAVE_WCHAR_H=1 -DSIZEOF_WCHAR_T=4'
DOXYGEN=''
ECHO_C=''
ECHO_N='-n'
ECHO_T=''
EGREP='/bin/grep -E'
ENABLE_DEBUG='0'
ENABLE_RELEASE='1'
ENABLE_RPATH='NO'
ENABLE_SHARED=''
ENABLE_STATIC='YES'
EXEEXT=''
EXTRAS_TRUE=''
GENCCODE_ASSEMBLY='-a gcc'
GREP='/bin/grep'
HAVE_MMAP='1'
ICUDATA_CHAR='l'
ICUIO_TRUE=''
ICULIBSUFFIX=''
ICULIBSUFFIXCNAME=''
ICU_ECHO_C=''
ICU_ECHO_N='-n'
ICU_ECHO_T=''
INSTALL_DATA='${INSTALL} -m 644'
INSTALL_PROGRAM='${INSTALL}'
INSTALL_SCRIPT='${INSTALL}'
LAYOUT_TRUE=''
LDFLAGS=' -Wl,--gc-sections'
LIBCFLAGS=''
LIBCXXFLAGS=''
LIBOBJS=''
LIBS='-lpthread -ldl -lm '
LIB_M=''
LIB_THREAD=''
LIB_VERSION='50.1'
LIB_VERSION_MAJOR='50'
LTLIBOBJS=''
OBJEXT='o'
PACKAGE='icu'
PACKAGE_BUGREPORT=''
PACKAGE_NAME=''
PACKAGE_STRING=''
PACKAGE_TARNAME=''
PACKAGE_URL=''
PACKAGE_VERSION=''
PATH_SEPARATOR=':'
RANLIB='ranlib'
SAMPLES_TRUE=''
SHELL='/bin/bash'
TESTS_TRUE=''
UCLN_NO_AUTO_CLEANUP='1'
UNICODE_VERSION='6.2'
U_DEFAULT_SHOW_DRAFT='1'
U_DISABLE_RENAMING='0'
U_ENABLE_DYLOAD='1'
U_ENABLE_TRACING='0'
U_HAVE_DIRENT_H='1'
U_HAVE_INTTYPES_H='1'
U_HAVE_LIB_SUFFIX='0'
U_HAVE_NL_LANGINFO_CODESET='1'
U_HAVE_PLACEMENT_NEW='1'
U_HAVE_POPEN='1'
U_HAVE_STD_STRING='1'
U_HAVE_TIMEZONE='1'
U_HAVE_TZNAME='1'
U_HAVE_TZSET='1'
U_HAVE_WCHAR_H='1'
U_HAVE_WCSCPY='1'
U_IS_BIG_ENDIAN='0'
U_MAKE='make'
U_NL_LANGINFO_CODESET='CODESET'
U_OVERRIDE_CXX_ALLOCATION='1'
U_TIMEZONE='__timezone'
U_TZNAME='tzname'
U_TZSET='tzset'
VERSION='50.1'
ac_ct_CC='gcc'
ac_ct_CXX='g++'
bindir='${exec_prefix}/bin'
build='x86_64-unknown-linux-gnu'
build_alias=''
build_cpu='x86_64'
build_os='linux-gnu'
build_vendor='unknown'
cross_buildroot=''
cross_compiling='no'
datadir='${datarootdir}'
datarootdir='${prefix}/share'
docdir='${datarootdir}/doc/${PACKAGE}'
dvidir='${docdir}'
exec_prefix='${prefix}'
host='x86_64-unknown-linux-gnu'
host_alias=''
host_cpu='x86_64'
host_os='linux-gnu'
host_vendor='unknown'
htmldir='${docdir}'
includedir='${prefix}/include'
infodir='${datarootdir}/info'
libdir='${exec_prefix}/lib'
libexecdir='${exec_prefix}/libexec'
localedir='${datarootdir}/locale'
localstatedir='${prefix}/var'
mandir='${datarootdir}/man'
oldincludedir='/usr/include'
pdfdir='${docdir}'
pkgicudatadir='${datarootdir}'
platform='U_LINUX'
platform_make_fragment='$(top_srcdir)/config/mh-linux'
platform_make_fragment_name='mh-linux'
prefix='/home/ubuntu/pmilter/build'
program_transform_name='s,x,x,'
psdir='${docdir}'
sbindir='${exec_prefix}/sbin'
sharedstatedir='${prefix}/com'
sysconfdir='${prefix}/etc'
target_alias=''
thepkgicudatadir='${prefix}/share'

## ----------- ##
## confdefs.h. ##
## ----------- ##

/* confdefs.h */
#define PACKAGE_NAME ""
#define PACKAGE_TARNAME ""
#define PACKAGE_VERSION ""
#define PACKAGE_STRING ""
#define PACKAGE_BUGREPORT ""
#define PACKAGE_URL ""
#define STDC_HEADERS 1
#define HAVE_SYS_TYPES_H 1
#define HAVE_SYS_STAT_H 1
#define HAVE_STDLIB_H 1
#define HAVE_STRING_H 1
#define HAVE_MEMORY_H 1
#define HAVE_STRINGS_H 1
#define HAVE_INTTYPES_H 1
#define HAVE_STDINT_H 1
#define HAVE_UNISTD_H 1
#define SIZEOF_VOID_P 8
#define HAVE_LIBM 1
#define HAVE_DLFCN_H 1
#define HAVE_DLOPEN 1
#define HAVE_GETTIMEOFDAY 1
#define HAVE_LIBPTHREAD 1
#define HAVE_INTTYPES_H 1
#define HAVE_DIRENT_H 1
#define HAVE_WCHAR_H 1
#define SIZEOF_WCHAR_T 4

configure: exit 0

## ---------------------- ##
## Running config.status. ##
## ---------------------- ##

This file was extended by config.status, which was
generated by GNU Autoconf 2.68.  Invocation command line was

  CONFIG_FILES    = extra/uconv/uconv.1
  CONFIG_HEADERS  = 
  CONFIG_LINKS    = 
  CONFIG_COMMANDS = 
  $ ./config.status 

on ubuntu-xenial

config.status:879: creating extra/uconv/uconv.1
